{"level":"error","message":"could not get genres could not get genres","stack":"Error: could not get genres\n    at C:\\Users\\Guilherme\\Documents\\Projetos\\Programming\\NodeJS\\library-mongodb\\routes\\genres.js:8:9\n    at newFn (C:\\Users\\Guilherme\\Documents\\Projetos\\Programming\\NodeJS\\library-mongodb\\node_modules\\express-async-errors\\index.js:16:20)\n    at Layer.handle [as handle_request] (C:\\Users\\Guilherme\\Documents\\Projetos\\Programming\\NodeJS\\library-mongodb\\node_modules\\express\\lib\\router\\layer.js:95:5)\n    at next (C:\\Users\\Guilherme\\Documents\\Projetos\\Programming\\NodeJS\\library-mongodb\\node_modules\\express\\lib\\router\\route.js:149:13)\n    at Route.dispatch (C:\\Users\\Guilherme\\Documents\\Projetos\\Programming\\NodeJS\\library-mongodb\\node_modules\\express\\lib\\router\\route.js:119:3)\n    at newFn (C:\\Users\\Guilherme\\Documents\\Projetos\\Programming\\NodeJS\\library-mongodb\\node_modules\\express-async-errors\\index.js:16:20)\n    at Layer.handle [as handle_request] (C:\\Users\\Guilherme\\Documents\\Projetos\\Programming\\NodeJS\\library-mongodb\\node_modules\\express\\lib\\router\\layer.js:95:5)\n    at C:\\Users\\Guilherme\\Documents\\Projetos\\Programming\\NodeJS\\library-mongodb\\node_modules\\express\\lib\\router\\index.js:284:15\n    at Function.process_params (C:\\Users\\Guilherme\\Documents\\Projetos\\Programming\\NodeJS\\library-mongodb\\node_modules\\express\\lib\\router\\index.js:346:12)\n    at next (C:\\Users\\Guilherme\\Documents\\Projetos\\Programming\\NodeJS\\library-mongodb\\node_modules\\express\\lib\\router\\index.js:280:10)"}
{"level":"error","message":"could not get genres could not get genres","stack":"Error: could not get genres\n    at C:\\Users\\Guilherme\\Documents\\Projetos\\Programming\\NodeJS\\library-mongodb\\routes\\genres.js:8:9\n    at newFn (C:\\Users\\Guilherme\\Documents\\Projetos\\Programming\\NodeJS\\library-mongodb\\node_modules\\express-async-errors\\index.js:16:20)\n    at Layer.handle [as handle_request] (C:\\Users\\Guilherme\\Documents\\Projetos\\Programming\\NodeJS\\library-mongodb\\node_modules\\express\\lib\\router\\layer.js:95:5)\n    at next (C:\\Users\\Guilherme\\Documents\\Projetos\\Programming\\NodeJS\\library-mongodb\\node_modules\\express\\lib\\router\\route.js:149:13)\n    at Route.dispatch (C:\\Users\\Guilherme\\Documents\\Projetos\\Programming\\NodeJS\\library-mongodb\\node_modules\\express\\lib\\router\\route.js:119:3)\n    at newFn (C:\\Users\\Guilherme\\Documents\\Projetos\\Programming\\NodeJS\\library-mongodb\\node_modules\\express-async-errors\\index.js:16:20)\n    at Layer.handle [as handle_request] (C:\\Users\\Guilherme\\Documents\\Projetos\\Programming\\NodeJS\\library-mongodb\\node_modules\\express\\lib\\router\\layer.js:95:5)\n    at C:\\Users\\Guilherme\\Documents\\Projetos\\Programming\\NodeJS\\library-mongodb\\node_modules\\express\\lib\\router\\index.js:284:15\n    at Function.process_params (C:\\Users\\Guilherme\\Documents\\Projetos\\Programming\\NodeJS\\library-mongodb\\node_modules\\express\\lib\\router\\index.js:346:12)\n    at next (C:\\Users\\Guilherme\\Documents\\Projetos\\Programming\\NodeJS\\library-mongodb\\node_modules\\express\\lib\\router\\index.js:280:10)"}
{"level":"error","message":"could not get genres could not get genres","stack":"Error: could not get genres\n    at C:\\Users\\Guilherme\\Documents\\Projetos\\Programming\\NodeJS\\library-mongodb\\routes\\genres.js:8:9\n    at newFn (C:\\Users\\Guilherme\\Documents\\Projetos\\Programming\\NodeJS\\library-mongodb\\node_modules\\express-async-errors\\index.js:16:20)\n    at Layer.handle [as handle_request] (C:\\Users\\Guilherme\\Documents\\Projetos\\Programming\\NodeJS\\library-mongodb\\node_modules\\express\\lib\\router\\layer.js:95:5)\n    at next (C:\\Users\\Guilherme\\Documents\\Projetos\\Programming\\NodeJS\\library-mongodb\\node_modules\\express\\lib\\router\\route.js:149:13)\n    at Route.dispatch (C:\\Users\\Guilherme\\Documents\\Projetos\\Programming\\NodeJS\\library-mongodb\\node_modules\\express\\lib\\router\\route.js:119:3)\n    at newFn (C:\\Users\\Guilherme\\Documents\\Projetos\\Programming\\NodeJS\\library-mongodb\\node_modules\\express-async-errors\\index.js:16:20)\n    at Layer.handle [as handle_request] (C:\\Users\\Guilherme\\Documents\\Projetos\\Programming\\NodeJS\\library-mongodb\\node_modules\\express\\lib\\router\\layer.js:95:5)\n    at C:\\Users\\Guilherme\\Documents\\Projetos\\Programming\\NodeJS\\library-mongodb\\node_modules\\express\\lib\\router\\index.js:284:15\n    at Function.process_params (C:\\Users\\Guilherme\\Documents\\Projetos\\Programming\\NodeJS\\library-mongodb\\node_modules\\express\\lib\\router\\index.js:346:12)\n    at next (C:\\Users\\Guilherme\\Documents\\Projetos\\Programming\\NodeJS\\library-mongodb\\node_modules\\express\\lib\\router\\index.js:280:10)"}
{"level":"error","message":"could not get genres could not get genres","stack":"Error: could not get genres\n    at C:\\Users\\Guilherme\\Documents\\Projetos\\Programming\\NodeJS\\library-mongodb\\routes\\genres.js:8:9\n    at newFn (C:\\Users\\Guilherme\\Documents\\Projetos\\Programming\\NodeJS\\library-mongodb\\node_modules\\express-async-errors\\index.js:16:20)\n    at Layer.handle [as handle_request] (C:\\Users\\Guilherme\\Documents\\Projetos\\Programming\\NodeJS\\library-mongodb\\node_modules\\express\\lib\\router\\layer.js:95:5)\n    at next (C:\\Users\\Guilherme\\Documents\\Projetos\\Programming\\NodeJS\\library-mongodb\\node_modules\\express\\lib\\router\\route.js:149:13)\n    at Route.dispatch (C:\\Users\\Guilherme\\Documents\\Projetos\\Programming\\NodeJS\\library-mongodb\\node_modules\\express\\lib\\router\\route.js:119:3)\n    at newFn (C:\\Users\\Guilherme\\Documents\\Projetos\\Programming\\NodeJS\\library-mongodb\\node_modules\\express-async-errors\\index.js:16:20)\n    at Layer.handle [as handle_request] (C:\\Users\\Guilherme\\Documents\\Projetos\\Programming\\NodeJS\\library-mongodb\\node_modules\\express\\lib\\router\\layer.js:95:5)\n    at C:\\Users\\Guilherme\\Documents\\Projetos\\Programming\\NodeJS\\library-mongodb\\node_modules\\express\\lib\\router\\index.js:284:15\n    at Function.process_params (C:\\Users\\Guilherme\\Documents\\Projetos\\Programming\\NodeJS\\library-mongodb\\node_modules\\express\\lib\\router\\index.js:346:12)\n    at next (C:\\Users\\Guilherme\\Documents\\Projetos\\Programming\\NodeJS\\library-mongodb\\node_modules\\express\\lib\\router\\index.js:280:10)"}
{"level":"error","message":"could not get genres could not get genres","stack":"Error: could not get genres\n    at C:\\Users\\Guilherme\\Documents\\Projetos\\Programming\\NodeJS\\library-mongodb\\routes\\genres.js:8:9\n    at newFn (C:\\Users\\Guilherme\\Documents\\Projetos\\Programming\\NodeJS\\library-mongodb\\node_modules\\express-async-errors\\index.js:16:20)\n    at Layer.handle [as handle_request] (C:\\Users\\Guilherme\\Documents\\Projetos\\Programming\\NodeJS\\library-mongodb\\node_modules\\express\\lib\\router\\layer.js:95:5)\n    at next (C:\\Users\\Guilherme\\Documents\\Projetos\\Programming\\NodeJS\\library-mongodb\\node_modules\\express\\lib\\router\\route.js:149:13)\n    at Route.dispatch (C:\\Users\\Guilherme\\Documents\\Projetos\\Programming\\NodeJS\\library-mongodb\\node_modules\\express\\lib\\router\\route.js:119:3)\n    at newFn (C:\\Users\\Guilherme\\Documents\\Projetos\\Programming\\NodeJS\\library-mongodb\\node_modules\\express-async-errors\\index.js:16:20)\n    at Layer.handle [as handle_request] (C:\\Users\\Guilherme\\Documents\\Projetos\\Programming\\NodeJS\\library-mongodb\\node_modules\\express\\lib\\router\\layer.js:95:5)\n    at C:\\Users\\Guilherme\\Documents\\Projetos\\Programming\\NodeJS\\library-mongodb\\node_modules\\express\\lib\\router\\index.js:284:15\n    at Function.process_params (C:\\Users\\Guilherme\\Documents\\Projetos\\Programming\\NodeJS\\library-mongodb\\node_modules\\express\\lib\\router\\index.js:346:12)\n    at next (C:\\Users\\Guilherme\\Documents\\Projetos\\Programming\\NodeJS\\library-mongodb\\node_modules\\express\\lib\\router\\index.js:280:10)"}
{"level":"error","message":"could not get genres could not get genres","stack":"Error: could not get genres\n    at C:\\Users\\Guilherme\\Documents\\Projetos\\Programming\\NodeJS\\library-mongodb\\routes\\genres.js:8:9\n    at newFn (C:\\Users\\Guilherme\\Documents\\Projetos\\Programming\\NodeJS\\library-mongodb\\node_modules\\express-async-errors\\index.js:16:20)\n    at Layer.handle [as handle_request] (C:\\Users\\Guilherme\\Documents\\Projetos\\Programming\\NodeJS\\library-mongodb\\node_modules\\express\\lib\\router\\layer.js:95:5)\n    at next (C:\\Users\\Guilherme\\Documents\\Projetos\\Programming\\NodeJS\\library-mongodb\\node_modules\\express\\lib\\router\\route.js:149:13)\n    at Route.dispatch (C:\\Users\\Guilherme\\Documents\\Projetos\\Programming\\NodeJS\\library-mongodb\\node_modules\\express\\lib\\router\\route.js:119:3)\n    at newFn (C:\\Users\\Guilherme\\Documents\\Projetos\\Programming\\NodeJS\\library-mongodb\\node_modules\\express-async-errors\\index.js:16:20)\n    at Layer.handle [as handle_request] (C:\\Users\\Guilherme\\Documents\\Projetos\\Programming\\NodeJS\\library-mongodb\\node_modules\\express\\lib\\router\\layer.js:95:5)\n    at C:\\Users\\Guilherme\\Documents\\Projetos\\Programming\\NodeJS\\library-mongodb\\node_modules\\express\\lib\\router\\index.js:284:15\n    at Function.process_params (C:\\Users\\Guilherme\\Documents\\Projetos\\Programming\\NodeJS\\library-mongodb\\node_modules\\express\\lib\\router\\index.js:346:12)\n    at next (C:\\Users\\Guilherme\\Documents\\Projetos\\Programming\\NodeJS\\library-mongodb\\node_modules\\express\\lib\\router\\index.js:280:10)"}
{"level":"error","message":"could not get genres could not get genres","stack":"Error: could not get genres\n    at C:\\Users\\Guilherme\\Documents\\Projetos\\Programming\\NodeJS\\library-mongodb\\routes\\genres.js:8:9\n    at newFn (C:\\Users\\Guilherme\\Documents\\Projetos\\Programming\\NodeJS\\library-mongodb\\node_modules\\express-async-errors\\index.js:16:20)\n    at Layer.handle [as handle_request] (C:\\Users\\Guilherme\\Documents\\Projetos\\Programming\\NodeJS\\library-mongodb\\node_modules\\express\\lib\\router\\layer.js:95:5)\n    at next (C:\\Users\\Guilherme\\Documents\\Projetos\\Programming\\NodeJS\\library-mongodb\\node_modules\\express\\lib\\router\\route.js:149:13)\n    at Route.dispatch (C:\\Users\\Guilherme\\Documents\\Projetos\\Programming\\NodeJS\\library-mongodb\\node_modules\\express\\lib\\router\\route.js:119:3)\n    at newFn (C:\\Users\\Guilherme\\Documents\\Projetos\\Programming\\NodeJS\\library-mongodb\\node_modules\\express-async-errors\\index.js:16:20)\n    at Layer.handle [as handle_request] (C:\\Users\\Guilherme\\Documents\\Projetos\\Programming\\NodeJS\\library-mongodb\\node_modules\\express\\lib\\router\\layer.js:95:5)\n    at C:\\Users\\Guilherme\\Documents\\Projetos\\Programming\\NodeJS\\library-mongodb\\node_modules\\express\\lib\\router\\index.js:284:15\n    at Function.process_params (C:\\Users\\Guilherme\\Documents\\Projetos\\Programming\\NodeJS\\library-mongodb\\node_modules\\express\\lib\\router\\index.js:346:12)\n    at next (C:\\Users\\Guilherme\\Documents\\Projetos\\Programming\\NodeJS\\library-mongodb\\node_modules\\express\\lib\\router\\index.js:280:10)"}
{"level":"error","message":"Operation `genres.find()` buffering timed out after 10000ms Operation `genres.find()` buffering timed out after 10000ms","stack":"MongooseError: Operation `genres.find()` buffering timed out after 10000ms\n    at Timeout.<anonymous> (C:\\Users\\Guilherme\\Documents\\Projetos\\Programming\\NodeJS\\library-mongodb\\node_modules\\mongoose\\lib\\drivers\\node-mongodb-native\\collection.js:185:23)\n    at listOnTimeout (node:internal/timers:594:17)\n    at process.processTimers (node:internal/timers:529:7)"}
{"level":"error","message":"Operation `genres.find()` buffering timed out after 10000ms Operation `genres.find()` buffering timed out after 10000ms","stack":"MongooseError: Operation `genres.find()` buffering timed out after 10000ms\n    at Timeout.<anonymous> (C:\\Users\\Guilherme\\Documents\\Projetos\\Programming\\NodeJS\\library-mongodb\\node_modules\\mongoose\\lib\\drivers\\node-mongodb-native\\collection.js:185:23)\n    at listOnTimeout (node:internal/timers:594:17)\n    at process.processTimers (node:internal/timers:529:7)"}
{"level":"error","message":"Operation `genres.find()` buffering timed out after 10000ms Operation `genres.find()` buffering timed out after 10000ms","stack":"MongooseError: Operation `genres.find()` buffering timed out after 10000ms\n    at Timeout.<anonymous> (C:\\Users\\Guilherme\\Documents\\Projetos\\Programming\\NodeJS\\library-mongodb\\node_modules\\mongoose\\lib\\drivers\\node-mongodb-native\\collection.js:185:23)\n    at listOnTimeout (node:internal/timers:594:17)\n    at process.processTimers (node:internal/timers:529:7)"}
{"level":"error","message":"Operation `genres.find()` buffering timed out after 10000ms Operation `genres.find()` buffering timed out after 10000ms","stack":"MongooseError: Operation `genres.find()` buffering timed out after 10000ms\n    at Timeout.<anonymous> (C:\\Users\\Guilherme\\Documents\\Projetos\\Programming\\NodeJS\\library-mongodb\\node_modules\\mongoose\\lib\\drivers\\node-mongodb-native\\collection.js:185:23)\n    at listOnTimeout (node:internal/timers:594:17)\n    at process.processTimers (node:internal/timers:529:7)"}
{"level":"error","message":"Operation `genres.find()` buffering timed out after 10000ms Operation `genres.find()` buffering timed out after 10000ms","stack":"MongooseError: Operation `genres.find()` buffering timed out after 10000ms\n    at Timeout.<anonymous> (C:\\Users\\Guilherme\\Documents\\Projetos\\Programming\\NodeJS\\library-mongodb\\node_modules\\mongoose\\lib\\drivers\\node-mongodb-native\\collection.js:185:23)\n    at listOnTimeout (node:internal/timers:594:17)\n    at process.processTimers (node:internal/timers:529:7)"}
{"level":"info","message":"Connect to MongoDB..."}
{"level":"info","message":"Connect to MongoDB..."}
{"level":"info","message":"Connect to MongoDB..."}
{"level":"info","message":"Connect to MongoDB..."}
{"level":"info","message":"Connect to MongoDB..."}
{"level":"info","message":"Connect to MongoDB..."}
{"level":"info","message":"Connect to MongoDB..."}
{"level":"info","message":"Connect to MongoDB..."}
{"level":"info","message":"Connect to MongoDB..."}
{"level":"info","message":"Connect to MongoDB..."}
{"level":"info","message":"Connect to MongoDB..."}
{"level":"info","message":"Connect to MongoDB..."}
{"level":"info","message":"Connect to MongoDB..."}
{"level":"info","message":"Connect to MongoDB..."}
{"level":"info","message":"Connect to MongoDB..."}
{"level":"info","message":"Connect to MongoDB..."}
{"level":"info","message":"Connect to MongoDB..."}
{"level":"info","message":"Connect to MongoDB..."}
{"level":"info","message":"Connect to MongoDB..."}
{"level":"info","message":"Connect to MongoDB..."}
{"level":"info","message":"Connect to MongoDB..."}
{"level":"info","message":"Connect to MongoDB..."}
{"level":"info","message":"Connect to MongoDB..."}
{"level":"info","message":"Connect to MongoDB..."}
{"level":"info","message":"Connect to MongoDB..."}
{"level":"info","message":"Listening on port 3000..."}
{"level":"info","message":"Connect to MongoDB..."}
{"level":"info","message":"Listening on port 3000..."}
{"level":"info","message":"Connect to MongoDB..."}
{"level":"info","message":"Connect to MongoDB..."}
{"level":"info","message":"Connect to MongoDB..."}
{"level":"info","message":"Connect to MongoDB..."}
{"level":"info","message":"Connect to MongoDB..."}
{"level":"info","message":"Connect to MongoDB..."}
{"level":"info","message":"Connect to MongoDB..."}
{"level":"info","message":"Connect to MongoDB..."}
{"level":"info","message":{"_events":{},"_eventsCount":2,"_maxListeners":30,"_writableState":{"autoDestroy":false,"bufferProcessing":false,"bufferedRequest":null,"bufferedRequestCount":0,"corked":0,"corkedRequestsFree":{"entry":null,"next":null},"decodeStrings":true,"defaultEncoding":"utf8","destroyed":false,"emitClose":true,"ended":false,"ending":false,"errorEmitted":false,"finalCalled":false,"finished":false,"highWaterMark":16,"lastBufferedRequest":null,"length":0,"needDrain":false,"objectMode":true,"pendingcb":0,"prefinished":false,"sync":true,"writecb":null,"writelen":0,"writing":false},"consoleWarnLevels":{},"eol":"\r\n","forceConsole":false,"name":"console","stderrLevels":{},"writable":true}}
{"level":"info","message":"Connect to MongoDB..."}
{"level":"info","message":{"_events":{},"_eventsCount":2,"_maxListeners":30,"_writableState":{"autoDestroy":false,"bufferProcessing":false,"bufferedRequest":null,"bufferedRequestCount":0,"corked":0,"corkedRequestsFree":{"entry":null,"next":null},"decodeStrings":true,"defaultEncoding":"utf8","destroyed":false,"emitClose":true,"ended":false,"ending":false,"errorEmitted":false,"finalCalled":false,"finished":false,"highWaterMark":16,"lastBufferedRequest":null,"length":0,"needDrain":false,"objectMode":true,"pendingcb":0,"prefinished":false,"sync":true,"writecb":null,"writelen":0,"writing":false},"consoleWarnLevels":{},"eol":"\r\n","forceConsole":false,"name":"console","stderrLevels":{},"writable":true}}
{"level":"info","message":"Connect to MongoDB..."}
{"level":"info","message":"Connect to MongoDB..."}
{"level":"info","message":"Connect to MongoDB..."}
{"level":"info","message":"Connect to MongoDB..."}
{"level":"info","message":"Listening on port 3000..."}
{"level":"info","message":"Connect to MongoDB..."}
{"level":"info","message":"Connect to MongoDB..."}
{"level":"info","message":"Connect to MongoDB..."}
{"level":"info","message":"Listening on port 3000..."}
{"level":"info","message":"Connect to MongoDB..."}
{"level":"info","message":"Listening on port 3000..."}
{"level":"info","message":"Listening on port 3000..."}
{"level":"info","message":"Connect to MongoDB..."}
{"body":"{\n\t\"name\": \"biografia teste\",\n}\n","expose":true,"level":"error","message":"Expected double-quoted property name in JSON at position 30 (line 3 column 1) Expected double-quoted property name in JSON at position 30 (line 3 column 1)","stack":"SyntaxError: Expected double-quoted property name in JSON at position 30 (line 3 column 1)\n    at JSON.parse (<anonymous>)\n    at parse (C:\\Users\\vermi\\OneDrive\\Dokumente\\react\\library-mongodb\\node_modules\\body-parser\\lib\\types\\json.js:92:19)\n    at C:\\Users\\vermi\\OneDrive\\Dokumente\\react\\library-mongodb\\node_modules\\body-parser\\lib\\read.js:128:18\n    at AsyncResource.runInAsyncScope (node:async_hooks:211:14)\n    at invokeCallback (C:\\Users\\vermi\\OneDrive\\Dokumente\\react\\library-mongodb\\node_modules\\raw-body\\index.js:238:16)\n    at done (C:\\Users\\vermi\\OneDrive\\Dokumente\\react\\library-mongodb\\node_modules\\raw-body\\index.js:227:7)\n    at IncomingMessage.onEnd (C:\\Users\\vermi\\OneDrive\\Dokumente\\react\\library-mongodb\\node_modules\\raw-body\\index.js:287:7)\n    at IncomingMessage.emit (node:events:524:28)\n    at endReadableNT (node:internal/streams/readable:1698:12)\n    at process.processTicksAndRejections (node:internal/process/task_queues:90:21)","status":400,"statusCode":400,"type":"entity.parse.failed"}
{"level":"info","message":"Listening on port 3000..."}
{"level":"info","message":"Connect to MongoDB..."}
{"level":"info","message":"Listening on port 3000..."}
{"level":"info","message":"Connect to MongoDB..."}
{"level":"info","message":"Listening on port 3000..."}
{"level":"info","message":"Listening on port 3000..."}
{"level":"info","message":"Connected to mongodb://localhost/vidly..."}
{"level":"info","message":"Listening on port 3000..."}
{"level":"info","message":"Connected to mongodb://localhost:27017/..."}
{"level":"info","message":"Listening on port 3000..."}
{"level":"info","message":"Connected to mongodb://localhost:27017/library..."}
{"level":"info","message":"Listening on port 3000..."}
{"level":"info","message":"Connected to mongodb+srv://admin:ccNh7Lk25GvjpCbh@cluster0.eojr4.mongodb.net/..."}
{"level":"info","message":"Listening on port 3000..."}
{"level":"info","message":"Connected to mongodb+srv://admin:ccNh7Lk25GvjpCbh@cluster0.eojr4.mongodb.net/library..."}
